TN:
SF:src\App.tsx
FN:9,PrivateRoute
FN:14,App
FNF:2
FNH:0
FNDA:0,PrivateRoute
FNDA:0,App
DA:10,0
DA:11,0
DA:15,0
LF:3
LH:0
BRDA:11,0,0,0
BRDA:11,0,1,0
BRF:2
BRH:0
end_of_record
TN:
SF:src\main.tsx
FNF:0
FNH:0
DA:9,0
DA:10,0
LF:2
LH:0
BRF:0
BRH:0
end_of_record
TN:
SF:src\api\axios.ts
FN:9,(anonymous_0)
FNF:1
FNH:1
FNDA:2,(anonymous_0)
DA:3,2
DA:9,2
DA:10,2
DA:11,2
DA:12,2
LF:5
LH:5
BRDA:4,0,0,2
BRDA:4,0,1,2
BRDA:11,1,0,1
BRDA:11,1,1,1
BRDA:11,2,0,2
BRDA:11,2,1,1
BRF:6
BRH:6
end_of_record
TN:
SF:src\auth\AuthProvider.tsx
FN:9,(anonymous_0)
FN:12,(anonymous_1)
FN:18,(anonymous_2)
FN:25,(anonymous_3)
FN:32,(anonymous_4)
FNF:5
FNH:5
FNDA:7,(anonymous_0)
FNDA:3,(anonymous_1)
FNDA:1,(anonymous_2)
FNDA:1,(anonymous_3)
FNDA:10,(anonymous_4)
DA:7,2
DA:9,2
DA:10,7
DA:12,7
DA:13,3
DA:14,3
DA:15,3
DA:18,7
DA:19,1
DA:20,1
DA:21,1
DA:22,1
DA:23,1
DA:25,7
DA:26,1
DA:29,7
DA:32,2
DA:33,10
DA:34,7
LF:19
LH:19
BRDA:15,0,0,2
BRDA:15,0,1,1
BRDA:15,1,0,3
BRDA:15,1,1,2
BRDA:33,2,0,2
BRDA:33,2,1,8
BRF:6
BRH:6
end_of_record
TN:
SF:src\components\BooksTable.tsx
FN:5,BooksTable
FN:12,(anonymous_1)
FN:15,(anonymous_2)
FN:26,(anonymous_3)
FN:52,(anonymous_4)
FN:57,(anonymous_5)
FN:68,(anonymous_6)
FN:74,(anonymous_7)
FN:142,(anonymous_8)
FNF:9
FNH:9
FNDA:21,BooksTable
FNDA:84,(anonymous_1)
FNDA:5,(anonymous_2)
FNDA:57,(anonymous_3)
FNDA:57,(anonymous_4)
FNDA:6,(anonymous_5)
FNDA:6,(anonymous_6)
FNDA:6,(anonymous_7)
FNDA:2,(anonymous_8)
DA:12,21
DA:13,84
DA:15,5
DA:26,21
DA:27,57
DA:28,36
DA:29,57
DA:30,36
DA:36,21
DA:54,57
DA:58,6
DA:66,57
DA:68,6
DA:72,57
DA:74,6
DA:78,57
DA:85,57
DA:87,57
DA:142,2
LF:19
LH:19
BRDA:15,0,0,5
BRDA:15,0,1,5
BRDA:19,1,0,3
BRDA:19,1,1,81
BRDA:20,2,0,2
BRDA:20,2,1,1
BRDA:27,3,0,21
BRDA:27,3,1,36
BRDA:27,4,0,57
BRDA:27,4,1,36
BRDA:27,4,2,36
BRDA:28,5,0,0
BRDA:28,5,1,36
BRDA:29,6,0,0
BRDA:29,6,1,57
BRDA:54,7,0,57
BRDA:54,7,1,12
BRDA:55,8,0,6
BRDA:55,8,1,6
BRDA:55,9,0,12
BRDA:55,9,1,12
BRDA:58,10,0,6
BRDA:58,10,1,0
BRDA:58,10,2,0
BRDA:59,11,0,6
BRDA:59,11,1,0
BRDA:66,12,0,57
BRDA:66,12,1,12
BRDA:67,13,0,6
BRDA:67,13,1,6
BRDA:67,14,0,12
BRDA:67,14,1,12
BRDA:72,15,0,57
BRDA:72,15,1,12
BRDA:73,16,0,6
BRDA:73,16,1,6
BRDA:73,17,0,12
BRDA:73,17,1,12
BRDA:78,18,0,57
BRDA:78,18,1,42
BRDA:78,18,2,42
BRDA:78,18,3,42
BRDA:78,18,4,36
BRDA:78,18,5,0
BRDA:85,19,0,57
BRDA:85,19,1,47
BRDA:98,20,0,6
BRDA:98,20,1,51
BRDA:119,21,0,36
BRDA:119,21,1,21
BRDA:142,22,0,2
BRDA:142,22,1,2
BRDA:145,23,0,2
BRDA:145,23,1,55
BRDA:150,24,0,2
BRDA:150,24,1,55
BRF:56
BRH:50
end_of_record
TN:
SF:src\components\FiltersPanel.tsx
FN:4,FiltersPanel
FN:20,(anonymous_1)
FN:25,(anonymous_2)
FN:40,(anonymous_3)
FN:45,(anonymous_4)
FN:60,(anonymous_5)
FN:65,(anonymous_6)
FN:80,(anonymous_7)
FNF:8
FNH:6
FNDA:22,FiltersPanel
FNDA:1,(anonymous_1)
FNDA:16,(anonymous_2)
FNDA:0,(anonymous_3)
FNDA:16,(anonymous_4)
FNDA:0,(anonymous_5)
FNDA:16,(anonymous_6)
FNDA:3,(anonymous_7)
DA:11,22
DA:21,1
DA:26,16
DA:41,0
DA:46,16
DA:61,0
DA:66,16
DA:81,3
LF:8
LH:6
BRDA:19,0,0,22
BRDA:19,0,1,21
BRDA:21,1,0,1
BRDA:21,1,1,0
BRDA:39,2,0,22
BRDA:39,2,1,22
BRDA:41,3,0,0
BRDA:41,3,1,0
BRDA:59,4,0,22
BRDA:59,4,1,22
BRDA:61,5,0,0
BRDA:61,5,1,0
BRDA:79,6,0,22
BRDA:79,6,1,22
BRDA:84,7,0,1
BRDA:84,7,1,2
BRF:16
BRH:11
end_of_record
TN:
SF:src\hooks\useBooks.ts
FN:4,useBooks
FN:6,(anonymous_1)
FNF:2
FNH:0
FNDA:0,useBooks
FNDA:0,(anonymous_1)
DA:5,0
DA:6,0
DA:7,0
DA:8,0
DA:10,0
LF:5
LH:0
BRF:0
BRH:0
end_of_record
TN:
SF:src\pages\BookDetail.tsx
FN:6,BookDetail
FN:11,(anonymous_1)
FN:16,(anonymous_2)
FN:17,(anonymous_3)
FN:21,(anonymous_4)
FN:28,(anonymous_5)
FN:43,(anonymous_6)
FN:93,(anonymous_7)
FN:108,(anonymous_8)
FNF:9
FNH:8
FNDA:7,BookDetail
FNDA:4,(anonymous_1)
FNDA:3,(anonymous_2)
FNDA:1,(anonymous_3)
FNDA:4,(anonymous_4)
FNDA:2,(anonymous_5)
FNDA:0,(anonymous_6)
FNDA:1,(anonymous_7)
FNDA:1,(anonymous_8)
DA:7,7
DA:8,7
DA:9,7
DA:11,7
DA:12,4
DA:13,4
DA:14,4
DA:16,3
DA:18,1
DA:19,1
DA:21,4
DA:24,7
DA:25,3
DA:28,2
DA:29,2
DA:33,2
DA:35,7
DA:43,0
DA:94,1
DA:109,1
LF:20
LH:19
BRDA:12,0,0,0
BRDA:12,0,1,4
BRDA:24,1,0,4
BRDA:24,1,1,3
BRDA:25,2,0,1
BRDA:25,2,1,2
BRDA:29,3,0,1
BRDA:29,3,1,1
BRDA:29,4,0,2
BRDA:29,4,1,2
BRDA:33,5,0,2
BRDA:33,5,1,2
BRDA:33,5,2,2
BRDA:33,5,3,2
BRDA:41,6,0,7
BRDA:41,6,1,0
BRDA:48,7,0,7
BRDA:48,7,1,0
BRDA:52,8,0,7
BRDA:52,8,1,1
BRDA:53,9,0,7
BRDA:53,9,1,0
BRDA:59,10,0,7
BRDA:59,10,1,0
BRDA:70,11,0,1
BRDA:70,11,1,1
BRDA:86,12,0,7
BRDA:86,12,1,1
BRDA:92,13,0,1
BRDA:92,13,1,1
BRDA:92,14,0,7
BRDA:92,14,1,2
BRDA:95,15,0,1
BRDA:95,15,1,0
BRDA:95,16,0,1
BRDA:95,16,1,0
BRDA:95,17,0,0
BRDA:95,17,1,0
BRDA:107,18,0,1
BRDA:107,18,1,1
BRDA:107,19,0,7
BRDA:107,19,1,2
BRF:42
BRH:33
end_of_record
TN:
SF:src\pages\BookForm.tsx
FN:17,(anonymous_0)
FN:26,(anonymous_1)
FN:35,BookForm
FN:63,(anonymous_3)
FN:73,(anonymous_4)
FN:76,(anonymous_5)
FN:80,(anonymous_6)
FN:85,(anonymous_7)
FN:99,(anonymous_8)
FN:103,(anonymous_9)
FN:107,(anonymous_10)
FN:121,(anonymous_11)
FN:125,(anonymous_12)
FN:129,(anonymous_13)
FN:138,(anonymous_14)
FN:194,(anonymous_15)
FN:198,(anonymous_16)
FN:219,(anonymous_17)
FN:224,(anonymous_18)
FN:246,(anonymous_19)
FN:252,(anonymous_20)
FN:260,(anonymous_21)
FN:275,(anonymous_22)
FN:277,(anonymous_23)
FN:279,(anonymous_24)
FN:286,(anonymous_25)
FN:291,(anonymous_26)
FN:310,(anonymous_27)
FN:312,(anonymous_28)
FN:314,(anonymous_29)
FN:321,(anonymous_30)
FN:326,(anonymous_31)
FN:342,(anonymous_32)
FN:344,(anonymous_33)
FN:346,(anonymous_34)
FN:353,(anonymous_35)
FN:358,(anonymous_36)
FN:377,(anonymous_37)
FN:380,(anonymous_38)
FN:394,(anonymous_39)
FNF:40
FNH:33
FNDA:4,(anonymous_0)
FNDA:4,(anonymous_1)
FNDA:26,BookForm
FNDA:7,(anonymous_3)
FNDA:7,(anonymous_4)
FNDA:7,(anonymous_5)
FNDA:7,(anonymous_6)
FNDA:7,(anonymous_7)
FNDA:2,(anonymous_8)
FNDA:2,(anonymous_9)
FNDA:2,(anonymous_10)
FNDA:0,(anonymous_11)
FNDA:7,(anonymous_12)
FNDA:7,(anonymous_13)
FNDA:1,(anonymous_14)
FNDA:27,(anonymous_15)
FNDA:1,(anonymous_16)
FNDA:27,(anonymous_17)
FNDA:1,(anonymous_18)
FNDA:26,(anonymous_19)
FNDA:0,(anonymous_20)
FNDA:0,(anonymous_21)
FNDA:27,(anonymous_22)
FNDA:1,(anonymous_23)
FNDA:0,(anonymous_24)
FNDA:13,(anonymous_25)
FNDA:1,(anonymous_26)
FNDA:27,(anonymous_27)
FNDA:1,(anonymous_28)
FNDA:0,(anonymous_29)
FNDA:13,(anonymous_30)
FNDA:1,(anonymous_31)
FNDA:27,(anonymous_32)
FNDA:1,(anonymous_33)
FNDA:0,(anonymous_34)
FNDA:13,(anonymous_35)
FNDA:1,(anonymous_36)
FNDA:26,(anonymous_37)
FNDA:0,(anonymous_38)
FNDA:1,(anonymous_39)
DA:8,1
DA:18,4
DA:26,4
DA:36,26
DA:37,26
DA:45,26
DA:51,26
DA:54,26
DA:57,26
DA:60,26
DA:63,26
DA:64,7
DA:65,7
DA:67,7
DA:68,7
DA:69,7
DA:70,7
DA:72,7
DA:74,7
DA:76,7
DA:80,7
DA:85,7
DA:90,7
DA:91,7
DA:92,7
DA:94,7
DA:95,2
DA:98,2
DA:99,2
DA:102,2
DA:103,2
DA:106,2
DA:107,2
DA:110,2
DA:122,0
DA:123,0
DA:126,7
DA:129,7
DA:130,7
DA:138,26
DA:139,1
DA:140,1
DA:141,1
DA:142,1
DA:143,1
DA:144,0
DA:145,1
DA:146,0
DA:147,1
DA:150,1
DA:151,1
DA:152,1
DA:154,1
DA:155,1
DA:156,1
DA:158,0
DA:159,0
DA:161,0
DA:163,0
DA:165,1
DA:166,1
DA:168,1
DA:172,26
DA:195,27
DA:199,1
DA:220,27
DA:225,1
DA:247,26
DA:252,0
DA:260,0
DA:276,27
DA:277,27
DA:278,1
DA:279,0
DA:281,1
DA:284,27
DA:287,13
DA:291,1
DA:311,27
DA:312,27
DA:313,1
DA:314,0
DA:316,1
DA:319,27
DA:322,13
DA:326,1
DA:343,27
DA:344,27
DA:345,1
DA:346,0
DA:348,1
DA:351,27
DA:354,13
DA:358,1
DA:378,26
DA:380,0
DA:394,1
LF:97
LH:83
BRDA:18,0,0,0
BRDA:18,0,1,4
BRDA:18,1,0,4
BRDA:18,1,1,0
BRDA:26,2,0,0
BRDA:26,2,1,4
BRDA:26,3,0,4
BRDA:26,3,1,0
BRDA:70,4,0,2
BRDA:70,4,1,5
BRDA:74,5,0,0
BRDA:74,5,1,7
BRDA:76,6,0,7
BRDA:76,6,1,0
BRDA:80,7,0,7
BRDA:80,7,1,0
BRDA:85,8,0,7
BRDA:85,8,1,0
BRDA:94,9,0,2
BRDA:94,9,1,5
BRDA:94,10,0,7
BRDA:94,10,1,2
BRDA:98,11,0,2
BRDA:98,11,1,0
BRDA:98,12,0,2
BRDA:98,12,1,2
BRDA:99,13,0,2
BRDA:99,13,1,0
BRDA:102,14,0,2
BRDA:102,14,1,0
BRDA:102,15,0,2
BRDA:102,15,1,2
BRDA:103,16,0,2
BRDA:103,16,1,0
BRDA:106,17,0,2
BRDA:106,17,1,0
BRDA:106,18,0,2
BRDA:106,18,1,2
BRDA:107,19,0,2
BRDA:107,19,1,0
BRDA:112,20,0,2
BRDA:112,20,1,0
BRDA:113,21,0,2
BRDA:113,21,1,0
BRDA:114,22,0,2
BRDA:114,22,1,0
BRDA:126,23,0,7
BRDA:126,23,1,0
BRDA:143,24,0,0
BRDA:143,24,1,1
BRDA:143,25,0,1
BRDA:143,25,1,0
BRDA:145,26,0,0
BRDA:145,26,1,1
BRDA:145,27,0,1
BRDA:145,27,1,0
BRDA:150,28,0,1
BRDA:150,28,1,1
BRDA:151,29,0,1
BRDA:151,29,1,1
BRDA:152,30,0,1
BRDA:152,30,1,1
BRDA:156,31,0,0
BRDA:156,31,1,1
BRDA:158,32,0,0
BRDA:158,32,1,0
BRDA:166,33,0,1
BRDA:166,33,1,1
BRDA:178,34,0,7
BRDA:178,34,1,19
BRDA:183,35,0,26
BRDA:183,35,1,1
BRDA:200,36,0,0
BRDA:200,36,1,1
BRDA:207,37,0,26
BRDA:207,37,1,0
BRDA:226,38,0,0
BRDA:226,38,1,1
BRDA:233,39,0,26
BRDA:233,39,1,0
BRDA:276,40,0,27
BRDA:276,40,1,22
BRDA:278,41,0,0
BRDA:278,41,1,1
BRDA:298,42,0,27
BRDA:298,42,1,14
BRDA:311,43,0,27
BRDA:311,43,1,22
BRDA:313,44,0,0
BRDA:313,44,1,1
BRDA:331,45,0,27
BRDA:331,45,1,14
BRDA:343,46,0,27
BRDA:343,46,1,22
BRDA:345,47,0,0
BRDA:345,47,1,1
BRDA:363,48,0,27
BRDA:363,48,1,14
BRDA:390,49,0,26
BRDA:390,49,1,19
BRDA:392,50,0,11
BRDA:392,50,1,15
BRDA:392,51,0,26
BRDA:392,51,1,19
BRF:104
BRH:72
end_of_record
TN:
SF:src\pages\BooksList.tsx
FN:9,BooksList
FN:29,(anonymous_1)
FN:37,(anonymous_2)
FN:40,(anonymous_3)
FN:43,(anonymous_4)
FN:46,(anonymous_5)
FN:49,(anonymous_6)
FN:53,(anonymous_7)
FN:54,(anonymous_8)
FN:60,(anonymous_9)
FN:65,(anonymous_10)
FN:81,(anonymous_11)
FN:83,(anonymous_12)
FN:92,(anonymous_13)
FN:99,(anonymous_14)
FN:104,(anonymous_15)
FN:124,(anonymous_16)
FN:126,(anonymous_17)
FN:133,(anonymous_18)
FN:134,(anonymous_19)
FN:139,(anonymous_20)
FN:143,(anonymous_21)
FN:157,(anonymous_22)
FN:157,(anonymous_23)
FN:169,(anonymous_24)
FN:175,(anonymous_25)
FN:203,(anonymous_26)
FN:218,(anonymous_27)
FN:218,(anonymous_28)
FN:228,(anonymous_29)
FN:228,(anonymous_30)
FNF:31
FNH:26
FNDA:21,BooksList
FNDA:9,(anonymous_1)
FNDA:9,(anonymous_2)
FNDA:18,(anonymous_3)
FNDA:18,(anonymous_4)
FNDA:18,(anonymous_5)
FNDA:0,(anonymous_6)
FNDA:9,(anonymous_7)
FNDA:9,(anonymous_8)
FNDA:11,(anonymous_9)
FNDA:14,(anonymous_10)
FNDA:9,(anonymous_11)
FNDA:21,(anonymous_12)
FNDA:7,(anonymous_13)
FNDA:7,(anonymous_14)
FNDA:7,(anonymous_15)
FNDA:3,(anonymous_16)
FNDA:3,(anonymous_17)
FNDA:1,(anonymous_18)
FNDA:1,(anonymous_19)
FNDA:1,(anonymous_20)
FNDA:1,(anonymous_21)
FNDA:1,(anonymous_22)
FNDA:1,(anonymous_23)
FNDA:1,(anonymous_24)
FNDA:1,(anonymous_25)
FNDA:3,(anonymous_26)
FNDA:0,(anonymous_27)
FNDA:0,(anonymous_28)
FNDA:0,(anonymous_29)
FNDA:0,(anonymous_30)
DA:10,21
DA:11,21
DA:12,21
DA:13,21
DA:14,21
DA:15,21
DA:16,21
DA:19,21
DA:20,21
DA:21,21
DA:22,21
DA:23,21
DA:26,21
DA:29,21
DA:30,9
DA:31,9
DA:32,9
DA:38,9
DA:39,9
DA:40,18
DA:42,9
DA:43,18
DA:45,9
DA:46,18
DA:50,0
DA:51,0
DA:53,9
DA:54,9
DA:55,9
DA:60,21
DA:61,11
DA:65,21
DA:66,14
DA:67,14
DA:68,14
DA:69,14
DA:70,14
DA:71,14
DA:72,0
DA:73,14
DA:74,14
DA:78,21
DA:81,21
DA:82,9
DA:83,9
DA:84,21
DA:85,21
DA:86,21
DA:90,21
DA:93,7
DA:98,21
DA:99,7
DA:103,21
DA:104,7
DA:108,21
DA:110,21
DA:124,21
DA:125,3
DA:126,3
DA:127,3
DA:128,1
DA:133,21
DA:134,1
DA:135,1
DA:139,21
DA:140,1
DA:141,1
DA:142,1
DA:143,1
DA:144,1
DA:146,1
DA:148,1
DA:150,1
DA:151,1
DA:152,1
DA:154,0
DA:155,0
DA:157,1
DA:162,21
DA:164,21
DA:169,1
DA:175,1
DA:203,3
DA:218,0
DA:228,0
LF:85
LH:78
BRDA:38,0,0,0
BRDA:38,0,1,9
BRDA:40,1,0,9
BRDA:40,1,1,0
BRDA:43,2,0,9
BRDA:43,2,1,0
BRDA:46,3,0,9
BRDA:46,3,1,0
BRDA:51,4,0,0
BRDA:51,4,1,0
BRDA:53,5,0,9
BRDA:53,5,1,9
BRDA:67,6,0,1
BRDA:67,6,1,13
BRDA:68,7,0,1
BRDA:68,7,1,13
BRDA:69,8,0,0
BRDA:69,8,1,14
BRDA:70,9,0,0
BRDA:70,9,1,14
BRDA:71,10,0,0
BRDA:71,10,1,14
BRDA:71,11,0,14
BRDA:71,11,1,0
BRDA:73,12,0,3
BRDA:73,12,1,11
BRDA:82,13,0,9
BRDA:82,13,1,2
BRDA:84,14,0,21
BRDA:84,14,1,0
BRDA:85,15,0,21
BRDA:85,15,1,0
BRDA:86,16,0,21
BRDA:86,16,1,0
BRDA:90,17,0,7
BRDA:90,17,1,14
BRDA:93,18,0,7
BRDA:93,18,1,0
BRDA:93,18,2,0
BRDA:93,19,0,7
BRDA:93,19,1,0
BRDA:98,20,0,7
BRDA:98,20,1,14
BRDA:103,21,0,7
BRDA:103,21,1,14
BRDA:108,22,0,7
BRDA:108,22,1,14
BRDA:127,23,0,2
BRDA:127,23,1,1
BRDA:127,24,0,3
BRDA:127,24,1,2
BRDA:128,25,0,1
BRDA:128,25,1,0
BRDA:134,26,0,1
BRDA:134,26,1,0
BRDA:134,27,0,1
BRDA:134,27,1,0
BRDA:141,28,0,0
BRDA:141,28,1,1
BRDA:150,29,0,1
BRDA:150,29,1,0
BRDA:152,30,0,0
BRDA:152,30,1,1
BRDA:155,31,0,0
BRDA:155,31,1,0
BRDA:162,32,0,21
BRDA:162,32,1,2
BRDA:194,33,0,1
BRDA:194,33,1,20
BRDA:196,34,0,1
BRDA:196,34,1,19
BRDA:227,35,0,19
BRDA:227,35,1,19
BRF:73
BRH:49
end_of_record
TN:
SF:src\pages\Login.tsx
FN:11,Login
FN:16,(anonymous_1)
FNF:2
FNH:2
FNDA:11,Login
FNDA:3,(anonymous_1)
DA:8,1
DA:12,11
DA:13,11
DA:14,11
DA:16,11
DA:17,3
DA:18,3
DA:19,1
DA:21,2
DA:25,11
LF:10
LH:10
BRDA:21,0,0,2
BRDA:21,0,1,1
BRDA:31,1,0,11
BRDA:31,1,1,0
BRDA:35,2,0,11
BRDA:35,2,1,0
BRF:6
BRH:4
end_of_record
TN:
SF:src\utils\useDebounce.ts
FN:3,useDebounce
FN:5,(anonymous_1)
FN:6,(anonymous_2)
FN:7,(anonymous_3)
FNF:4
FNH:0
FNDA:0,useDebounce
FNDA:0,(anonymous_1)
FNDA:0,(anonymous_2)
FNDA:0,(anonymous_3)
DA:4,0
DA:5,0
DA:6,0
DA:7,0
DA:9,0
LF:5
LH:0
BRDA:3,0,0,0
BRF:1
BRH:0
end_of_record
